#
# There is insufficient memory for the Java Runtime Environment to continue.
# Native memory allocation (malloc) failed to allocate 1362576 bytes. Error detail: Chunk::new
# Possible reasons:
#   The system is out of physical RAM or swap space
#   This process is running with CompressedOops enabled, and the Java Heap may be blocking the growth of the native heap
# Possible solutions:
#   Reduce memory load on the system
#   Increase physical memory or swap space
#   Check if swap backing store is full
#   Decrease Java heap size (-Xmx/-Xms)
#   Decrease number of Java threads
#   Decrease Java thread stack sizes (-Xss)
#   Set larger code cache with -XX:ReservedCodeCacheSize=
#   JVM is running with Unscaled Compressed Oops mode in which the Java heap is
#     placed in the first 4GB address space. The Java Heap base address is the
#     maximum limit for the native heap growth. Please use -XX:HeapBaseMinAddress
#     to set the Java Heap base and to place the Java Heap above 4GB virtual address.
# This output file may be truncated or incomplete.
#
#  Out of Memory Error (arena.cpp:168), pid=5756, tid=5732
#
# JRE version: OpenJDK Runtime Environment Temurin-21.0.8+9 (21.0.8+9) (build 21.0.8+9-LTS)
# Java VM: OpenJDK 64-Bit Server VM Temurin-21.0.8+9 (21.0.8+9-LTS, mixed mode, sharing, tiered, compressed oops, compressed class ptrs, parallel gc, windows-amd64)
# No core dump will be written. Minidumps are not enabled by default on client versions of Windows
#

---------------  S U M M A R Y ------------

Command Line: --add-modules=ALL-SYSTEM --add-opens=java.base/java.util=ALL-UNNAMED --add-opens=java.base/java.lang=ALL-UNNAMED --add-opens=java.base/sun.nio.fs=ALL-UNNAMED -Declipse.application=org.eclipse.jdt.ls.core.id1 -Dosgi.bundles.defaultStartLevel=4 -Declipse.product=org.eclipse.jdt.ls.core.product -Djava.import.generatesMetadataFilesAtProjectRoot=false -DDetectVMInstallationsJob.disabled=true -Dfile.encoding=utf8 -XX:+UseParallelGC -XX:GCTimeRatio=4 -XX:AdaptiveSizePolicyWeight=90 -Dsun.zip.disableMemoryMapping=true -Xmx2G -Xms100m -Xlog:disable -javaagent:c:\Users\Lenovo\.vscode\extensions\redhat.java-1.47.0-win32-x64\lombok\lombok-1.18.39-4050.jar -XX:+HeapDumpOnOutOfMemoryError -XX:HeapDumpPath=c:\Users\Lenovo\AppData\Roaming\Code\User\workspaceStorage\18ebc3d03530110f80048942fc969198\redhat.java -Daether.dependencyCollector.impl=bf c:\Users\Lenovo\.vscode\extensions\redhat.java-1.47.0-win32-x64\server\plugins\org.eclipse.equinox.launcher_1.7.100.v20251014-1222.jar -configuration c:\Users\Lenovo\AppData\Roaming\Code\User\globalStorage\redhat.java\1.47.0\config_win -data c:\Users\Lenovo\AppData\Roaming\Code\User\workspaceStorage\18ebc3d03530110f80048942fc969198\redhat.java\jdt_ws --pipe=\\.\pipe\lsp-de8e89180d7bba4ddf573c8f2968fd57-sock

Host: Intel(R) Core(TM) i5-6300U CPU @ 2.40GHz, 4 cores, 7G,  Windows 11 , 64 bit Build 26100 (10.0.26100.7019)
Time: Tue Nov  4 10:55:12 2025 elapsed time: 3569.469609 seconds (0d 0h 59m 29s)

---------------  T H R E A D  ---------------

Current thread (0x000001dc248550d0):  JavaThread "C2 CompilerThread0" daemon [_thread_in_native, id=5732, stack(0x0000001412c00000,0x0000001412d00000) (1024K)]


Current CompileTask:
C2:3569469 29881 % !   4       org.eclipse.jdt.internal.codeassist.CompletionEngine::acceptTypes @ 551 (986 bytes)

Stack: [0x0000001412c00000,0x0000001412d00000]
Native frames: (J=compiled Java code, j=interpreted, Vv=VM code, C=native code)
V  [jvm.dll+0x6d2449]
V  [jvm.dll+0x8ae341]
V  [jvm.dll+0x8b08be]
V  [jvm.dll+0x8b0fa3]
V  [jvm.dll+0x280c96]
V  [jvm.dll+0xc581d]
V  [jvm.dll+0xc5d53]
V  [jvm.dll+0x3b9162]
V  [jvm.dll+0x385315]
V  [jvm.dll+0x38477a]
V  [jvm.dll+0x248ed0]
V  [jvm.dll+0x2484af]
V  [jvm.dll+0x1c89ee]
V  [jvm.dll+0x257d4d]
V  [jvm.dll+0x2562ea]
V  [jvm.dll+0x3f2d16]
V  [jvm.dll+0x857e6b]
V  [jvm.dll+0x6d0b0d]
C  [ucrtbase.dll+0x37b0]
C  [KERNEL32.DLL+0x2e8d7]
C  [ntdll.dll+0x8c53c]


---------------  P R O C E S S  ---------------

Threads class SMR info:
_java_thread_list=0x000001dc0f929680, length=49, elements={
0x000001dc2495dd20, 0x000001dc24a1aa10, 0x000001dc24a1cfe0, 0x000001dc2484ffa0,
0x000001dc24850bf0, 0x000001dc24851840, 0x000001dc248542a0, 0x000001dc248550d0,
0x000001dc248d24f0, 0x000001dc7d030280, 0x000001dc7d26ef00, 0x000001dc7da97390,
0x000001dc7da82230, 0x000001dc7d84bf30, 0x000001dc7d6739d0, 0x000001dc7e2f7940,
0x000001dc7e1c82e0, 0x000001dc7e452a70, 0x000001dc7e453790, 0x000001dc7e495f10,
0x000001dc7e4965a0, 0x000001dc7e49a0b0, 0x000001dc7e49d530, 0x000001dc7e49cea0,
0x000001dc7e49a740, 0x000001dc7e49add0, 0x000001dc7e49b460, 0x000001dc7e49baf0,
0x000001dc7e60be50, 0x000001dc7ed3c7b0, 0x000001dc7ed3a6e0, 0x000001dc7ed3ad70,
0x000001dc7ed3e880, 0x000001dc7ed3ba90, 0x000001dc7ed3ce40, 0x000001dc1002e380,
0x000001dc0745c020, 0x000001dc0745d3d0, 0x000001dc0745a5e0, 0x000001dc1002cfd0,
0x000001dc10033240, 0x000001dc1002ea10, 0x000001dc100338d0, 0x000001dc7ed3ef10,
0x000001dc7ed3e1f0, 0x000001dc7e4972c0, 0x000001dc7e497fe0, 0x000001dc07458510,
0x000001dc0745da60
}

Java Threads: ( => current thread )
  0x000001dc2495dd20 JavaThread "main"                              [_thread_blocked, id=5228, stack(0x0000001412200000,0x0000001412300000) (1024K)]
  0x000001dc24a1aa10 JavaThread "Reference Handler"          daemon [_thread_blocked, id=11876, stack(0x0000001412600000,0x0000001412700000) (1024K)]
  0x000001dc24a1cfe0 JavaThread "Finalizer"                  daemon [_thread_blocked, id=12104, stack(0x0000001412700000,0x0000001412800000) (1024K)]
  0x000001dc2484ffa0 JavaThread "Signal Dispatcher"          daemon [_thread_blocked, id=8472, stack(0x0000001412800000,0x0000001412900000) (1024K)]
  0x000001dc24850bf0 JavaThread "Attach Listener"            daemon [_thread_blocked, id=8888, stack(0x0000001412900000,0x0000001412a00000) (1024K)]
  0x000001dc24851840 JavaThread "Service Thread"             daemon [_thread_blocked, id=5672, stack(0x0000001412a00000,0x0000001412b00000) (1024K)]
  0x000001dc248542a0 JavaThread "Monitor Deflation Thread"   daemon [_thread_blocked, id=6828, stack(0x0000001412b00000,0x0000001412c00000) (1024K)]
=>0x000001dc248550d0 JavaThread "C2 CompilerThread0"         daemon [_thread_in_native, id=5732, stack(0x0000001412c00000,0x0000001412d00000) (1024K)]
  0x000001dc248d24f0 JavaThread "C1 CompilerThread0"         daemon [_thread_blocked, id=11260, stack(0x0000001412d00000,0x0000001412e00000) (1024K)]
  0x000001dc7d030280 JavaThread "Common-Cleaner"             daemon [_thread_blocked, id=1444, stack(0x0000001412e00000,0x0000001412f00000) (1024K)]
  0x000001dc7d26ef00 JavaThread "Notification Thread"        daemon [_thread_blocked, id=14216, stack(0x0000001412f00000,0x0000001413000000) (1024K)]
  0x000001dc7da97390 JavaThread "Active Thread: Equinox Container: 33059ba2-43a4-4a8c-b9b9-af64327d3166"        [_thread_blocked, id=6204, stack(0x0000001413400000,0x0000001413500000) (1024K)]
  0x000001dc7da82230 JavaThread "Refresh Thread: Equinox Container: 33059ba2-43a4-4a8c-b9b9-af64327d3166" daemon [_thread_blocked, id=5008, stack(0x0000001413300000,0x0000001413400000) (1024K)]
  0x000001dc7d84bf30 JavaThread "Framework Event Dispatcher: Equinox Container: 33059ba2-43a4-4a8c-b9b9-af64327d3166" daemon [_thread_blocked, id=10256, stack(0x0000001413500000,0x0000001413600000) (1024K)]
  0x000001dc7d6739d0 JavaThread "Start Level: Equinox Container: 33059ba2-43a4-4a8c-b9b9-af64327d3166" daemon [_thread_blocked, id=5560, stack(0x0000001413600000,0x0000001413700000) (1024K)]
  0x000001dc7e2f7940 JavaThread "Bundle File Closer"         daemon [_thread_blocked, id=8400, stack(0x0000001413800000,0x0000001413900000) (1024K)]
  0x000001dc7e1c82e0 JavaThread "SCR Component Actor"        daemon [_thread_blocked, id=8936, stack(0x0000001413700000,0x0000001413800000) (1024K)]
  0x000001dc7e452a70 JavaThread "Worker-JM"                         [_thread_blocked, id=2432, stack(0x0000001413900000,0x0000001413a00000) (1024K)]
  0x000001dc7e453790 JavaThread "JNA Cleaner"                daemon [_thread_blocked, id=12176, stack(0x0000001413a00000,0x0000001413b00000) (1024K)]
  0x000001dc7e495f10 JavaThread "Java indexing"              daemon [_thread_blocked, id=12704, stack(0x0000001413f00000,0x0000001414000000) (1024K)]
  0x000001dc7e4965a0 JavaThread "Thread-1"                   daemon [_thread_in_native, id=8060, stack(0x0000001414400000,0x0000001414500000) (1024K)]
  0x000001dc7e49a0b0 JavaThread "Thread-2"                   daemon [_thread_in_native, id=13736, stack(0x0000001414500000,0x0000001414600000) (1024K)]
  0x000001dc7e49d530 JavaThread "Thread-3"                   daemon [_thread_in_native, id=11480, stack(0x0000001414600000,0x0000001414700000) (1024K)]
  0x000001dc7e49cea0 JavaThread "Thread-4"                   daemon [_thread_in_native, id=14132, stack(0x0000001414700000,0x0000001414800000) (1024K)]
  0x000001dc7e49a740 JavaThread "Thread-5"                   daemon [_thread_in_native, id=9060, stack(0x0000001414800000,0x0000001414900000) (1024K)]
  0x000001dc7e49add0 JavaThread "pool-2-thread-1"                   [_thread_blocked, id=3696, stack(0x0000001414900000,0x0000001414a00000) (1024K)]
  0x000001dc7e49b460 JavaThread "WorkspaceEventsHandler"            [_thread_blocked, id=14128, stack(0x0000001414a00000,0x0000001414b00000) (1024K)]
  0x000001dc7e49baf0 JavaThread "pool-1-thread-1"                   [_thread_blocked, id=4524, stack(0x0000001414b00000,0x0000001414c00000) (1024K)]
  0x000001dc7e60be50 JavaThread "Timer-0"                           [_thread_blocked, id=5324, stack(0x0000001413e00000,0x0000001413f00000) (1024K)]
  0x000001dc7ed3c7b0 JavaThread "Timer-1"                           [_thread_blocked, id=7476, stack(0x0000001414f00000,0x0000001415000000) (1024K)]
  0x000001dc7ed3a6e0 JavaThread "Timer-2"                           [_thread_blocked, id=2508, stack(0x0000001415300000,0x0000001415400000) (1024K)]
  0x000001dc7ed3ad70 JavaThread "Timer-3"                           [_thread_blocked, id=2556, stack(0x0000001415400000,0x0000001415500000) (1024K)]
  0x000001dc7ed3e880 JavaThread "Timer-4"                           [_thread_blocked, id=13308, stack(0x0000001415500000,0x0000001415600000) (1024K)]
  0x000001dc7ed3ba90 JavaThread "Timer-5"                           [_thread_blocked, id=11904, stack(0x0000001412000000,0x0000001412100000) (1024K)]
  0x000001dc7ed3ce40 JavaThread "Timer-6"                           [_thread_blocked, id=11688, stack(0x0000001412100000,0x0000001412200000) (1024K)]
  0x000001dc1002e380 JavaThread "Cleaner-0"                  daemon [_thread_blocked, id=10404, stack(0x0000001415200000,0x0000001415300000) (1024K)]
  0x000001dc0745c020 JavaThread "Compiler Source File Reader" daemon [_thread_blocked, id=9680, stack(0x0000001414300000,0x0000001414400000) (1024K)]
  0x000001dc0745d3d0 JavaThread "Compiler Source File Reader" daemon [_thread_blocked, id=7212, stack(0x0000001415600000,0x0000001415700000) (1024K)]
  0x000001dc0745a5e0 JavaThread "ForkJoinPool.commonPool-worker-17" daemon [_thread_blocked, id=8712, stack(0x0000001413b00000,0x0000001413c00000) (1024K)]
  0x000001dc1002cfd0 JavaThread "ForkJoinPool.commonPool-worker-19" daemon [_thread_blocked, id=11004, stack(0x0000001413d00000,0x0000001413e00000) (1024K)]
  0x000001dc10033240 JavaThread "Worker-18"                         [_thread_blocked, id=14040, stack(0x0000001414200000,0x0000001414300000) (1024K)]
  0x000001dc1002ea10 JavaThread "ForkJoinPool.commonPool-worker-20" daemon [_thread_blocked, id=4032, stack(0x0000001413c00000,0x0000001413d00000) (1024K)]
  0x000001dc100338d0 JavaThread "Worker-21"                         [_thread_blocked, id=8780, stack(0x0000001414d00000,0x0000001414e00000) (1024K)]
  0x000001dc7ed3ef10 JavaThread "Compiler Class File Writer" daemon [_thread_blocked, id=7084, stack(0x0000001415900000,0x0000001415a00000) (1024K)]
  0x000001dc7ed3e1f0 JavaThread "Compiler Class File Writer" daemon [_thread_blocked, id=7668, stack(0x0000001415a00000,0x0000001415b00000) (1024K)]
  0x000001dc7e4972c0 JavaThread "Worker-22"                         [_thread_blocked, id=13436, stack(0x0000001414000000,0x0000001414100000) (1024K)]
  0x000001dc7e497fe0 JavaThread "Compiler Processing Task"   daemon [_thread_blocked, id=5784, stack(0x0000001414100000,0x0000001414200000) (1024K)]
  0x000001dc07458510 JavaThread "pool-1-thread-7"                   [_thread_blocked, id=1772, stack(0x0000001415000000,0x0000001415100000) (1024K)]
  0x000001dc0745da60 JavaThread "Worker-23"                         [_thread_blocked, id=11096, stack(0x0000001414c00000,0x0000001414d00000) (1024K)]
Total: 49

Other Threads:
  0x000001dc2484e7f0 VMThread "VM Thread"                           [id=10268, stack(0x0000001412500000,0x0000001412600000) (1024K)]
  0x000001dc247eca00 WatcherThread "VM Periodic Task Thread"        [id=7012, stack(0x0000001412400000,0x0000001412500000) (1024K)]
  0x000001dc2497c320 WorkerThread "GC Thread#0"                     [id=2868, stack(0x0000001412300000,0x0000001412400000) (1024K)]
  0x000001dc7d48ed10 WorkerThread "GC Thread#1"                     [id=3064, stack(0x0000001413000000,0x0000001413100000) (1024K)]
  0x000001dc7d50cd30 WorkerThread "GC Thread#2"                     [id=2180, stack(0x0000001413100000,0x0000001413200000) (1024K)]
  0x000001dc7d48f0b0 WorkerThread "GC Thread#3"                     [id=3768, stack(0x0000001413200000,0x0000001413300000) (1024K)]
Total: 6

Threads with active compile tasks:
C2 CompilerThread0  3569567 29881 % !   4       org.eclipse.jdt.internal.codeassist.CompletionEngine::acceptTypes @ 551 (986 bytes)
Total: 1

VM state: at safepoint (normal execution)

VM Mutex/Monitor currently owned by a thread:  ([mutex/lock_event])
[0x00007ff9ae055458] Threads_lock - owner thread: 0x000001dc2484e7f0
[0x00007ff9ae055558] Heap_lock - owner thread: 0x000001dc07458510

Heap address: 0x0000000080000000, size: 2048 MB, Compressed Oops mode: 32-bit

CDS archive(s) mapped at: [0x000001dc3c000000-0x000001dc3cba0000-0x000001dc3cba0000), size 12189696, SharedBaseAddress: 0x000001dc3c000000, ArchiveRelocationMode: 1.
Compressed class space mapped at: 0x000001dc3d000000-0x000001dc7d000000, reserved size: 1073741824
Narrow klass base: 0x000001dc3c000000, Narrow klass shift: 0, Narrow klass range: 0x100000000

GC Precious Log:
 CardTable entry size: 512
 CPUs: 4 total, 4 available
 Memory: 8059M
 Large Page Support: Disabled
 NUMA Support: Disabled
 Compressed Oops: Enabled (32-bit)
 Alignments: Space 512K, Generation 512K, Heap 2M
 Heap Min Capacity: 100M
 Heap Initial Capacity: 100M
 Heap Max Capacity: 2G
 Pre-touch: Disabled
 Parallel Workers: 4

Heap:
 PSYoungGen      total 15360K, used 14716K [0x00000000d5580000, 0x00000000d6980000, 0x0000000100000000)
  eden space 12288K, 95% used [0x00000000d5580000,0x00000000d60e6ff0,0x00000000d6180000)
  from space 3072K, 98% used [0x00000000d6680000,0x00000000d6978010,0x00000000d6980000)
  to   space 3584K, 7% used [0x00000000d6280000,0x00000000d62c5200,0x00000000d6600000)
 ParOldGen       total 1277440K, used 1277439K [0x0000000080000000, 0x00000000cdf80000, 0x00000000d5580000)
  object space 1277440K, 99% used [0x0000000080000000,0x00000000cdf7fd18,0x00000000cdf80000)
 Metaspace       used 113201K, committed 115200K, reserved 1179648K
  class space    used 12449K, committed 13504K, reserved 1048576K

Card table byte_map: [0x000001dc24300000,0x000001dc24710000] _byte_map_base: 0x000001dc23f00000

Marking Bits: (ParMarkBitMap*) 0x00007ff9ae05a340
 Begin Bits: [0x000001dc36e00000, 0x000001dc38e00000)
 End Bits:   [0x000001dc38e00000, 0x000001dc3ae00000)

Polling page: 0x000001dc22650000

Metaspace:

Usage:
  Non-class:     98.39 MB used.
      Class:     12.16 MB used.
       Both:    110.55 MB used.

Virtual space:
  Non-class space:      128.00 MB reserved,      99.31 MB ( 78%) committed,  2 nodes.
      Class space:        1.00 GB reserved,      13.19 MB (  1%) committed,  1 nodes.
             Both:        1.12 GB reserved,     112.50 MB ( 10%) committed. 

Chunk freelists:
   Non-Class:  12.52 MB
       Class:  2.97 MB
        Both:  15.49 MB

MaxMetaspaceSize: unlimited
CompressedClassSpaceSize: 1.00 GB
Initial GC threshold: 21.00 MB
Current GC threshold: 186.81 MB
CDS: on
 - commit_granule_bytes: 65536.
 - commit_granule_words: 8192.
 - virtual_space_node_default_size: 8388608.
 - enlarge_chunks_in_place: 1.
 - use_allocation_guard: 0.


Internal statistics:

num_allocs_failed_limit: 9.
num_arena_births: 2332.
num_arena_deaths: 584.
num_vsnodes_births: 3.
num_vsnodes_deaths: 0.
num_space_committed: 1800.
num_space_uncommitted: 0.
num_chunks_returned_to_freelist: 709.
num_chunks_taken_from_freelist: 8059.
num_chunk_merges: 206.
num_chunk_splits: 4758.
num_chunks_enlarged: 2657.
num_inconsistent_stats: 0.

CodeHeap 'non-profiled nmethods': size=120000Kb used=20673Kb max_used=20775Kb free=99326Kb
 bounds [0x000001dc2f620000, 0x000001dc30ae0000, 0x000001dc36b50000]
CodeHeap 'profiled nmethods': size=120000Kb used=30491Kb max_used=44006Kb free=89508Kb
 bounds [0x000001dc27b50000, 0x000001dc2a650000, 0x000001dc2f080000]
CodeHeap 'non-nmethods': size=5760Kb used=1547Kb max_used=1638Kb free=4212Kb
 bounds [0x000001dc2f080000, 0x000001dc2f2f0000, 0x000001dc2f620000]
CodeCache: size=245760Kb, used=52711Kb, max_used=66419Kb, free=193046Kb
 total_blobs=13817, nmethods=12947, adapters=772, full_count=0
Compilation: enabled, stopped_count=0, restarted_count=0

Compilation events (20 events):
Event: 3568.752 Thread 0x000001dc248d24f0 29873       3       org.eclipse.jdt.internal.core.hierarchy.TypeHierarchy::isAffectedByJavaModel (59 bytes)
Event: 3568.753 Thread 0x000001dc248d24f0 nmethod 29873 0x000001dc28252790 code [0x000001dc282529a0, 0x000001dc282531b8]
Event: 3568.753 Thread 0x000001dc248d24f0 29874   !   3       org.eclipse.jdt.internal.core.hierarchy.TypeHierarchy::isAffectedByJavaProject (319 bytes)
Event: 3568.755 Thread 0x000001dc248d24f0 nmethod 29874 0x000001dc284a0f90 code [0x000001dc284a12e0, 0x000001dc284a2a98]
Event: 3568.852 Thread 0x000001dc248550d0 nmethod 29871 0x000001dc30acc710 code [0x000001dc30acccc0, 0x000001dc30ad0e80]
Event: 3568.852 Thread 0x000001dc248550d0 29872       4       org.eclipse.jdt.internal.core.SourceMethod::<init> (9 bytes)
Event: 3568.854 Thread 0x000001dc248550d0 nmethod 29872 0x000001dc2fed4110 code [0x000001dc2fed42a0, 0x000001dc2fed4418]
Event: 3569.114 Thread 0x000001dc248d24f0 29875       3       org.eclipse.jdt.ls.core.internal.contentassist.CompletionProposalUtils$$Lambda/0x000001dc3da588e0::test (8 bytes)
Event: 3569.115 Thread 0x000001dc248d24f0 nmethod 29875 0x000001dc27d13d90 code [0x000001dc27d13fa0, 0x000001dc27d147c0]
Event: 3569.115 Thread 0x000001dc248d24f0 29876   !   3       org.eclipse.jdt.ls.core.internal.contentassist.CompletionProposalUtils::lambda$1 (13 bytes)
Event: 3569.115 Thread 0x000001dc248d24f0 nmethod 29876 0x000001dc28b76610 code [0x000001dc28b76820, 0x000001dc28b76ed0]
Event: 3569.116 Thread 0x000001dc248d24f0 29877       3       org.eclipse.jdt.internal.codeassist.complete.CompletionScanner::<init> (28 bytes)
Event: 3569.116 Thread 0x000001dc248d24f0 nmethod 29877 0x000001dc2889cf90 code [0x000001dc2889d140, 0x000001dc2889d2e0]
Event: 3569.116 Thread 0x000001dc248d24f0 29878       3       org.eclipse.jdt.internal.codeassist.complete.CompletionParser::flushAssistState (38 bytes)
Event: 3569.117 Thread 0x000001dc248d24f0 nmethod 29878 0x000001dc28305490 code [0x000001dc28305660, 0x000001dc28305a90]
Event: 3569.117 Thread 0x000001dc248d24f0 29879       3       org.eclipse.jdt.internal.codeassist.complete.CompletionParser::setAssistIdentifier (12 bytes)
Event: 3569.117 Thread 0x000001dc248d24f0 nmethod 29879 0x000001dc28337090 code [0x000001dc28337240, 0x000001dc28337468]
Event: 3569.120 Thread 0x000001dc248d24f0 29880       1       org.eclipse.jdt.internal.compiler.ASTVisitor::visit (2 bytes)
Event: 3569.121 Thread 0x000001dc248d24f0 nmethod 29880 0x000001dc300b1a90 code [0x000001dc300b1c20, 0x000001dc300b1ce8]
Event: 3569.170 Thread 0x000001dc248550d0 29881 % !   4       org.eclipse.jdt.internal.codeassist.CompletionEngine::acceptTypes @ 551 (986 bytes)

GC Heap History (20 events):
Event: 3568.435 GC heap before
{Heap before GC invocations=4862 (full 12):
 PSYoungGen      total 17920K, used 17668K [0x00000000d5580000, 0x00000000d7300000, 0x0000000100000000)
  eden space 11776K, 98% used [0x00000000d5580000,0x00000000d60e13f0,0x00000000d6100000)
  from space 6144K, 97% used [0x00000000d6d00000,0x00000000d72dfd10,0x00000000d7300000)
  to   space 8704K, 0% used [0x00000000d6200000,0x00000000d6200000,0x00000000d6a80000)
 ParOldGen       total 1249792K, used 1248330K [0x0000000080000000, 0x00000000cc480000, 0x00000000d5580000)
  object space 1249792K, 99% used [0x0000000080000000,0x00000000cc312810,0x00000000cc480000)
 Metaspace       used 113199K, committed 115200K, reserved 1179648K
  class space    used 12449K, committed 13504K, reserved 1048576K
}
Event: 3568.446 GC heap after
{Heap after GC invocations=4862 (full 12):
 PSYoungGen      total 14336K, used 2126K [0x00000000d5580000, 0x00000000d6d80000, 0x0000000100000000)
  eden space 11776K, 0% used [0x00000000d5580000,0x00000000d5580000,0x00000000d6100000)
  from space 2560K, 83% used [0x00000000d6200000,0x00000000d6413828,0x00000000d6480000)
  to   space 4096K, 0% used [0x00000000d6980000,0x00000000d6980000,0x00000000d6d80000)
 ParOldGen       total 1252864K, used 1252802K [0x0000000080000000, 0x00000000cc780000, 0x00000000d5580000)
  object space 1252864K, 99% used [0x0000000080000000,0x00000000cc770860,0x00000000cc780000)
 Metaspace       used 113199K, committed 115200K, reserved 1179648K
  class space    used 12449K, committed 13504K, reserved 1048576K
}
Event: 3568.515 GC heap before
{Heap before GC invocations=4863 (full 12):
 PSYoungGen      total 14336K, used 13902K [0x00000000d5580000, 0x00000000d6d80000, 0x0000000100000000)
  eden space 11776K, 100% used [0x00000000d5580000,0x00000000d6100000,0x00000000d6100000)
  from space 2560K, 83% used [0x00000000d6200000,0x00000000d6413828,0x00000000d6480000)
  to   space 4096K, 0% used [0x00000000d6980000,0x00000000d6980000,0x00000000d6d80000)
 ParOldGen       total 1252864K, used 1252802K [0x0000000080000000, 0x00000000cc780000, 0x00000000d5580000)
  object space 1252864K, 99% used [0x0000000080000000,0x00000000cc770860,0x00000000cc780000)
 Metaspace       used 113199K, committed 115200K, reserved 1179648K
  class space    used 12449K, committed 13504K, reserved 1048576K
}
Event: 3568.531 GC heap after
{Heap after GC invocations=4863 (full 12):
 PSYoungGen      total 10240K, used 4078K [0x00000000d5580000, 0x00000000d7d00000, 0x0000000100000000)
  eden space 6144K, 0% used [0x00000000d5580000,0x00000000d5580000,0x00000000d5b80000)
  from space 4096K, 99% used [0x00000000d6980000,0x00000000d6d7b828,0x00000000d6d80000)
  to   space 14336K, 0% used [0x00000000d5b80000,0x00000000d5b80000,0x00000000d6980000)
 ParOldGen       total 1261056K, used 1260997K [0x0000000080000000, 0x00000000ccf80000, 0x00000000d5580000)
  object space 1261056K, 99% used [0x0000000080000000,0x00000000ccf71538,0x00000000ccf80000)
 Metaspace       used 113199K, committed 115200K, reserved 1179648K
  class space    used 12449K, committed 13504K, reserved 1048576K
}
Event: 3568.683 GC heap before
{Heap before GC invocations=4864 (full 12):
 PSYoungGen      total 10240K, used 10222K [0x00000000d5580000, 0x00000000d7d00000, 0x0000000100000000)
  eden space 6144K, 100% used [0x00000000d5580000,0x00000000d5b80000,0x00000000d5b80000)
  from space 4096K, 99% used [0x00000000d6980000,0x00000000d6d7b828,0x00000000d6d80000)
  to   space 14336K, 0% used [0x00000000d5b80000,0x00000000d5b80000,0x00000000d6980000)
 ParOldGen       total 1261056K, used 1260997K [0x0000000080000000, 0x00000000ccf80000, 0x00000000d5580000)
  object space 1261056K, 99% used [0x0000000080000000,0x00000000ccf71538,0x00000000ccf80000)
 Metaspace       used 113199K, committed 115200K, reserved 1179648K
  class space    used 12449K, committed 13504K, reserved 1048576K
}
Event: 3568.693 GC heap after
{Heap after GC invocations=4864 (full 12):
 PSYoungGen      total 7168K, used 762K [0x00000000d5580000, 0x00000000d6a00000, 0x0000000100000000)
  eden space 6144K, 0% used [0x00000000d5580000,0x00000000d5580000,0x00000000d5b80000)
  from space 1024K, 74% used [0x00000000d5b80000,0x00000000d5c3e900,0x00000000d5c80000)
  to   space 5120K, 0% used [0x00000000d6500000,0x00000000d6500000,0x00000000d6a00000)
 ParOldGen       total 1265152K, used 1265107K [0x0000000080000000, 0x00000000cd380000, 0x00000000d5580000)
  object space 1265152K, 99% used [0x0000000080000000,0x00000000cd374d60,0x00000000cd380000)
 Metaspace       used 113199K, committed 115200K, reserved 1179648K
  class space    used 12449K, committed 13504K, reserved 1048576K
}
Event: 3568.761 GC heap before
{Heap before GC invocations=4865 (full 12):
 PSYoungGen      total 7168K, used 6906K [0x00000000d5580000, 0x00000000d6a00000, 0x0000000100000000)
  eden space 6144K, 100% used [0x00000000d5580000,0x00000000d5b80000,0x00000000d5b80000)
  from space 1024K, 74% used [0x00000000d5b80000,0x00000000d5c3e900,0x00000000d5c80000)
  to   space 5120K, 0% used [0x00000000d6500000,0x00000000d6500000,0x00000000d6a00000)
 ParOldGen       total 1265152K, used 1265107K [0x0000000080000000, 0x00000000cd380000, 0x00000000d5580000)
  object space 1265152K, 99% used [0x0000000080000000,0x00000000cd374d60,0x00000000cd380000)
 Metaspace       used 113200K, committed 115200K, reserved 1179648K
  class space    used 12449K, committed 13504K, reserved 1048576K
}
Event: 3568.765 GC heap after
{Heap after GC invocations=4865 (full 12):
 PSYoungGen      total 7168K, used 544K [0x00000000d5580000, 0x00000000d6600000, 0x0000000100000000)
  eden space 6144K, 0% used [0x00000000d5580000,0x00000000d5580000,0x00000000d5b80000)
  from space 1024K, 53% used [0x00000000d6500000,0x00000000d6588000,0x00000000d6600000)
  to   space 1536K, 0% used [0x00000000d6300000,0x00000000d6300000,0x00000000d6480000)
 ParOldGen       total 1266176K, used 1265779K [0x0000000080000000, 0x00000000cd480000, 0x00000000d5580000)
  object space 1266176K, 99% used [0x0000000080000000,0x00000000cd41cf80,0x00000000cd480000)
 Metaspace       used 113200K, committed 115200K, reserved 1179648K
  class space    used 12449K, committed 13504K, reserved 1048576K
}
Event: 3569.125 GC heap before
{Heap before GC invocations=4866 (full 12):
 PSYoungGen      total 7168K, used 6688K [0x00000000d5580000, 0x00000000d6600000, 0x0000000100000000)
  eden space 6144K, 100% used [0x00000000d5580000,0x00000000d5b80000,0x00000000d5b80000)
  from space 1024K, 53% used [0x00000000d6500000,0x00000000d6588000,0x00000000d6600000)
  to   space 1536K, 0% used [0x00000000d6300000,0x00000000d6300000,0x00000000d6480000)
 ParOldGen       total 1266176K, used 1265779K [0x0000000080000000, 0x00000000cd480000, 0x00000000d5580000)
  object space 1266176K, 99% used [0x0000000080000000,0x00000000cd41cf80,0x00000000cd480000)
 Metaspace       used 113201K, committed 115200K, reserved 1179648K
  class space    used 12449K, committed 13504K, reserved 1048576K
}
Event: 3569.129 GC heap after
{Heap after GC invocations=4866 (full 12):
 PSYoungGen      total 7680K, used 1170K [0x00000000d5580000, 0x00000000d6580000, 0x0000000100000000)
  eden space 6144K, 0% used [0x00000000d5580000,0x00000000d5580000,0x00000000d5b80000)
  from space 1536K, 76% used [0x00000000d6300000,0x00000000d6424b60,0x00000000d6480000)
  to   space 1024K, 0% used [0x00000000d6480000,0x00000000d6480000,0x00000000d6580000)
 ParOldGen       total 1266176K, used 1266069K [0x0000000080000000, 0x00000000cd480000, 0x00000000d5580000)
  object space 1266176K, 99% used [0x0000000080000000,0x00000000cd4657f0,0x00000000cd480000)
 Metaspace       used 113201K, committed 115200K, reserved 1179648K
  class space    used 12449K, committed 13504K, reserved 1048576K
}
Event: 3569.134 GC heap before
{Heap before GC invocations=4867 (full 12):
 PSYoungGen      total 7680K, used 7314K [0x00000000d5580000, 0x00000000d6580000, 0x0000000100000000)
  eden space 6144K, 100% used [0x00000000d5580000,0x00000000d5b80000,0x00000000d5b80000)
  from space 1536K, 76% used [0x00000000d6300000,0x00000000d6424b60,0x00000000d6480000)
  to   space 1024K, 0% used [0x00000000d6480000,0x00000000d6480000,0x00000000d6580000)
 ParOldGen       total 1266176K, used 1266069K [0x0000000080000000, 0x00000000cd480000, 0x00000000d5580000)
  object space 1266176K, 99% used [0x0000000080000000,0x00000000cd4657f0,0x00000000cd480000)
 Metaspace       used 113201K, committed 115200K, reserved 1179648K
  class space    used 12449K, committed 13504K, reserved 1048576K
}
Event: 3569.142 GC heap after
{Heap after GC invocations=4867 (full 12):
 PSYoungGen      total 8704K, used 1024K [0x00000000d5580000, 0x00000000d6580000, 0x0000000100000000)
  eden space 7680K, 0% used [0x00000000d5580000,0x00000000d5580000,0x00000000d5d00000)
  from space 1024K, 100% used [0x00000000d6480000,0x00000000d6580000,0x00000000d6580000)
  to   space 3584K, 0% used [0x00000000d5e80000,0x00000000d5e80000,0x00000000d6200000)
 ParOldGen       total 1268224K, used 1268048K [0x0000000080000000, 0x00000000cd680000, 0x00000000d5580000)
  object space 1268224K, 99% used [0x0000000080000000,0x00000000cd654380,0x00000000cd680000)
 Metaspace       used 113201K, committed 115200K, reserved 1179648K
  class space    used 12449K, committed 13504K, reserved 1048576K
}
Event: 3569.157 GC heap before
{Heap before GC invocations=4868 (full 12):
 PSYoungGen      total 8704K, used 8704K [0x00000000d5580000, 0x00000000d6580000, 0x0000000100000000)
  eden space 7680K, 100% used [0x00000000d5580000,0x00000000d5d00000,0x00000000d5d00000)
  from space 1024K, 100% used [0x00000000d6480000,0x00000000d6580000,0x00000000d6580000)
  to   space 3584K, 0% used [0x00000000d5e80000,0x00000000d5e80000,0x00000000d6200000)
 ParOldGen       total 1268224K, used 1268048K [0x0000000080000000, 0x00000000cd680000, 0x00000000d5580000)
  object space 1268224K, 99% used [0x0000000080000000,0x00000000cd654380,0x00000000cd680000)
 Metaspace       used 113201K, committed 115200K, reserved 1179648K
  class space    used 12449K, committed 13504K, reserved 1048576K
}
Event: 3569.163 GC heap after
{Heap after GC invocations=4868 (full 12):
 PSYoungGen      total 12800K, used 3348K [0x00000000d5580000, 0x00000000d6580000, 0x0000000100000000)
  eden space 9216K, 0% used [0x00000000d5580000,0x00000000d5580000,0x00000000d5e80000)
  from space 3584K, 93% used [0x00000000d5e80000,0x00000000d61c5010,0x00000000d6200000)
  to   space 3584K, 0% used [0x00000000d6200000,0x00000000d6200000,0x00000000d6580000)
 ParOldGen       total 1269248K, used 1269077K [0x0000000080000000, 0x00000000cd780000, 0x00000000d5580000)
  object space 1269248K, 99% used [0x0000000080000000,0x00000000cd7556d8,0x00000000cd780000)
 Metaspace       used 113201K, committed 115200K, reserved 1179648K
  class space    used 12449K, committed 13504K, reserved 1048576K
}
Event: 3569.178 GC heap before
{Heap before GC invocations=4869 (full 12):
 PSYoungGen      total 12800K, used 12564K [0x00000000d5580000, 0x00000000d6580000, 0x0000000100000000)
  eden space 9216K, 100% used [0x00000000d5580000,0x00000000d5e80000,0x00000000d5e80000)
  from space 3584K, 93% used [0x00000000d5e80000,0x00000000d61c5010,0x00000000d6200000)
  to   space 3584K, 0% used [0x00000000d6200000,0x00000000d6200000,0x00000000d6580000)
 ParOldGen       total 1269248K, used 1269077K [0x0000000080000000, 0x00000000cd780000, 0x00000000d5580000)
  object space 1269248K, 99% used [0x0000000080000000,0x00000000cd7556d8,0x00000000cd780000)
 Metaspace       used 113201K, committed 115200K, reserved 1179648K
  class space    used 12449K, committed 13504K, reserved 1048576K
}
Event: 3569.185 GC heap after
{Heap after GC invocations=4869 (full 12):
 PSYoungGen      total 13824K, used 1652K [0x00000000d5580000, 0x00000000d6580000, 0x0000000100000000)
  eden space 10240K, 0% used [0x00000000d5580000,0x00000000d5580000,0x00000000d5f80000)
  from space 3584K, 46% used [0x00000000d6200000,0x00000000d639d000,0x00000000d6580000)
  to   space 2560K, 0% used [0x00000000d5f80000,0x00000000d5f80000,0x00000000d6200000)
 ParOldGen       total 1272832K, used 1272366K [0x0000000080000000, 0x00000000cdb00000, 0x00000000d5580000)
  object space 1272832K, 99% used [0x0000000080000000,0x00000000cda8ba60,0x00000000cdb00000)
 Metaspace       used 113201K, committed 115200K, reserved 1179648K
  class space    used 12449K, committed 13504K, reserved 1048576K
}
Event: 3569.222 GC heap before
{Heap before GC invocations=4870 (full 12):
 PSYoungGen      total 13824K, used 11892K [0x00000000d5580000, 0x00000000d6580000, 0x0000000100000000)
  eden space 10240K, 100% used [0x00000000d5580000,0x00000000d5f80000,0x00000000d5f80000)
  from space 3584K, 46% used [0x00000000d6200000,0x00000000d639d000,0x00000000d6580000)
  to   space 2560K, 0% used [0x00000000d5f80000,0x00000000d5f80000,0x00000000d6200000)
 ParOldGen       total 1272832K, used 1272366K [0x0000000080000000, 0x00000000cdb00000, 0x00000000d5580000)
  object space 1272832K, 99% used [0x0000000080000000,0x00000000cda8ba60,0x00000000cdb00000)
 Metaspace       used 113201K, committed 115200K, reserved 1179648K
  class space    used 12449K, committed 13504K, reserved 1048576K
}
Event: 3569.228 GC heap after
{Heap after GC invocations=4870 (full 12):
 PSYoungGen      total 12800K, used 2538K [0x00000000d5580000, 0x00000000d6b80000, 0x0000000100000000)
  eden space 10240K, 0% used [0x00000000d5580000,0x00000000d5580000,0x00000000d5f80000)
  from space 2560K, 99% used [0x00000000d5f80000,0x00000000d61fa920,0x00000000d6200000)
  to   space 5120K, 0% used [0x00000000d6680000,0x00000000d6680000,0x00000000d6b80000)
 ParOldGen       total 1274368K, used 1274058K [0x0000000080000000, 0x00000000cdc80000, 0x00000000d5580000)
  object space 1274368K, 99% used [0x0000000080000000,0x00000000cdc32b80,0x00000000cdc80000)
 Metaspace       used 113201K, committed 115200K, reserved 1179648K
  class space    used 12449K, committed 13504K, reserved 1048576K
}
Event: 3569.255 GC heap before
{Heap before GC invocations=4871 (full 12):
 PSYoungGen      total 12800K, used 12147K [0x00000000d5580000, 0x00000000d6b80000, 0x0000000100000000)
  eden space 10240K, 93% used [0x00000000d5580000,0x00000000d5ee2598,0x00000000d5f80000)
  from space 2560K, 99% used [0x00000000d5f80000,0x00000000d61fa920,0x00000000d6200000)
  to   space 5120K, 0% used [0x00000000d6680000,0x00000000d6680000,0x00000000d6b80000)
 ParOldGen       total 1274368K, used 1274058K [0x0000000080000000, 0x00000000cdc80000, 0x00000000d5580000)
  object space 1274368K, 99% used [0x0000000080000000,0x00000000cdc32b80,0x00000000cdc80000)
 Metaspace       used 113201K, committed 115200K, reserved 1179648K
  class space    used 12449K, committed 13504K, reserved 1048576K
}
Event: 3569.263 GC heap after
{Heap after GC invocations=4871 (full 12):
 PSYoungGen      total 15360K, used 3040K [0x00000000d5580000, 0x00000000d6980000, 0x0000000100000000)
  eden space 12288K, 0% used [0x00000000d5580000,0x00000000d5580000,0x00000000d6180000)
  from space 3072K, 98% used [0x00000000d6680000,0x00000000d6978010,0x00000000d6980000)
  to   space 3584K, 0% used [0x00000000d6280000,0x00000000d6280000,0x00000000d6600000)
 ParOldGen       total 1276416K, used 1276218K [0x0000000080000000, 0x00000000cde80000, 0x00000000d5580000)
  object space 1276416K, 99% used [0x0000000080000000,0x00000000cde4e9d8,0x00000000cde80000)
 Metaspace       used 113201K, committed 115200K, reserved 1179648K
  class space    used 12449K, committed 13504K, reserved 1048576K
}

Dll operation events (15 events):
Event: 0.027 Loaded shared library c:\Users\Lenovo\.vscode\extensions\redhat.java-1.47.0-win32-x64\jre\21.0.8-win32-x86_64\bin\java.dll
Event: 0.636 Loaded shared library c:\Users\Lenovo\.vscode\extensions\redhat.java-1.47.0-win32-x64\jre\21.0.8-win32-x86_64\bin\zip.dll
Event: 0.734 Loaded shared library C:\Users\Lenovo\.vscode\extensions\redhat.java-1.47.0-win32-x64\jre\21.0.8-win32-x86_64\bin\instrument.dll
Event: 0.833 Loaded shared library C:\Users\Lenovo\.vscode\extensions\redhat.java-1.47.0-win32-x64\jre\21.0.8-win32-x86_64\bin\net.dll
Event: 0.837 Loaded shared library C:\Users\Lenovo\.vscode\extensions\redhat.java-1.47.0-win32-x64\jre\21.0.8-win32-x86_64\bin\nio.dll
Event: 0.849 Loaded shared library C:\Users\Lenovo\.vscode\extensions\redhat.java-1.47.0-win32-x64\jre\21.0.8-win32-x86_64\bin\zip.dll
Event: 1.351 Loaded shared library C:\Users\Lenovo\.vscode\extensions\redhat.java-1.47.0-win32-x64\jre\21.0.8-win32-x86_64\bin\jimage.dll
Event: 2.645 Loaded shared library c:\Users\Lenovo\.vscode\extensions\redhat.java-1.47.0-win32-x64\jre\21.0.8-win32-x86_64\bin\verify.dll
Event: 8.820 Loaded shared library C:\Users\Lenovo\AppData\Roaming\Code\User\globalStorage\redhat.java\1.47.0\config_win\org.eclipse.equinox.launcher\org.eclipse.equinox.launcher.win32.win32.x86_64_1.2.1400.v20250801-0854\eclipse_11916.dll
Event: 17.151 Loaded shared library C:\Users\Lenovo\AppData\Local\Temp\jna--2022488749\jna11544673436122908236.dll
Event: 35.341 Loaded shared library C:\Users\Lenovo\.gradle\native\c067742578af261105cb4f569cf0c3c89f3d7b1fecec35dd04571415982c5e48\windows-amd64\native-platform.dll
Event: 38.210 Loaded shared library C:\Users\Lenovo\.vscode\extensions\redhat.java-1.47.0-win32-x64\jre\21.0.8-win32-x86_64\bin\management.dll
Event: 38.215 Loaded shared library C:\Users\Lenovo\.vscode\extensions\redhat.java-1.47.0-win32-x64\jre\21.0.8-win32-x86_64\bin\management_ext.dll
Event: 46.649 Loaded shared library C:\Users\Lenovo\.vscode\extensions\redhat.java-1.47.0-win32-x64\jre\21.0.8-win32-x86_64\bin\extnet.dll
Event: 56.162 Loaded shared library C:\Users\Lenovo\.vscode\extensions\redhat.java-1.47.0-win32-x64\jre\21.0.8-win32-x86_64\bin\sunmscapi.dll

Deoptimization events (20 events):
Event: 3567.835 Thread 0x000001dc0745a5e0 DEOPT PACKING pc=0x000001dc308dbd3c sp=0x0000001413bfe230
Event: 3567.835 Thread 0x000001dc0745a5e0 DEOPT UNPACKING pc=0x000001dc2f0d3aa2 sp=0x0000001413bfe218 mode 2
Event: 3568.244 Thread 0x000001dc10033240 Uncommon trap: trap_request=0xffffffd6 fr.pc=0x000001dc30091f28 relative=0x0000000000002e68
Event: 3568.244 Thread 0x000001dc10033240 Uncommon trap: reason=array_check action=maybe_recompile pc=0x000001dc30091f28 method=org.eclipse.core.internal.jobs.ThreadJob.push(Lorg/eclipse/core/runtime/jobs/ISchedulingRule;)V @ 64 c2
Event: 3568.244 Thread 0x000001dc10033240 DEOPT PACKING pc=0x000001dc30091f28 sp=0x00000014142feab0
Event: 3568.244 Thread 0x000001dc10033240 DEOPT UNPACKING pc=0x000001dc2f0d3aa2 sp=0x00000014142fea28 mode 2
Event: 3568.245 Thread 0x000001dc10033240 Uncommon trap: trap_request=0xffffffd6 fr.pc=0x000001dc30091f28 relative=0x0000000000002e68
Event: 3568.245 Thread 0x000001dc10033240 Uncommon trap: reason=array_check action=maybe_recompile pc=0x000001dc30091f28 method=org.eclipse.core.internal.jobs.ThreadJob.push(Lorg/eclipse/core/runtime/jobs/ISchedulingRule;)V @ 64 c2
Event: 3568.245 Thread 0x000001dc10033240 DEOPT PACKING pc=0x000001dc30091f28 sp=0x00000014142feab0
Event: 3568.245 Thread 0x000001dc10033240 DEOPT UNPACKING pc=0x000001dc2f0d3aa2 sp=0x00000014142fea28 mode 2
Event: 3568.246 Thread 0x000001dc10033240 Uncommon trap: trap_request=0xffffffd6 fr.pc=0x000001dc30091f28 relative=0x0000000000002e68
Event: 3568.246 Thread 0x000001dc10033240 Uncommon trap: reason=array_check action=maybe_recompile pc=0x000001dc30091f28 method=org.eclipse.core.internal.jobs.ThreadJob.push(Lorg/eclipse/core/runtime/jobs/ISchedulingRule;)V @ 64 c2
Event: 3568.246 Thread 0x000001dc10033240 DEOPT PACKING pc=0x000001dc30091f28 sp=0x00000014142fed50
Event: 3568.246 Thread 0x000001dc10033240 DEOPT UNPACKING pc=0x000001dc2f0d3aa2 sp=0x00000014142fecc8 mode 2
Event: 3568.246 Thread 0x000001dc10033240 Uncommon trap: trap_request=0xffffffd6 fr.pc=0x000001dc30091f28 relative=0x0000000000002e68
Event: 3568.246 Thread 0x000001dc10033240 Uncommon trap: reason=array_check action=maybe_recompile pc=0x000001dc30091f28 method=org.eclipse.core.internal.jobs.ThreadJob.push(Lorg/eclipse/core/runtime/jobs/ISchedulingRule;)V @ 64 c2
Event: 3568.246 Thread 0x000001dc10033240 DEOPT PACKING pc=0x000001dc30091f28 sp=0x00000014142fe5f0
Event: 3568.246 Thread 0x000001dc10033240 DEOPT UNPACKING pc=0x000001dc2f0d3aa2 sp=0x00000014142fe568 mode 2
Event: 3569.174 Thread 0x000001dc7e49baf0 DEOPT PACKING pc=0x000001dc27fcfa16 sp=0x0000001414bfe350
Event: 3569.174 Thread 0x000001dc7e49baf0 DEOPT UNPACKING pc=0x000001dc2f0d4242 sp=0x0000001414bfd8c0 mode 0

Classes loaded (20 events):
Event: 3530.252 Loading class jdk/internal/module/IllegalAccessLogger
Event: 3530.252 Loading class jdk/internal/module/IllegalAccessLogger done
Event: 3534.468 Loading class jdk/internal/module/IllegalAccessLogger
Event: 3534.468 Loading class jdk/internal/module/IllegalAccessLogger done
Event: 3538.071 Loading class jdk/internal/module/IllegalAccessLogger
Event: 3538.071 Loading class jdk/internal/module/IllegalAccessLogger done
Event: 3542.058 Loading class jdk/internal/module/IllegalAccessLogger
Event: 3542.058 Loading class jdk/internal/module/IllegalAccessLogger done
Event: 3546.974 Loading class jdk/internal/module/IllegalAccessLogger
Event: 3546.974 Loading class jdk/internal/module/IllegalAccessLogger done
Event: 3553.516 Loading class jdk/internal/module/IllegalAccessLogger
Event: 3553.516 Loading class jdk/internal/module/IllegalAccessLogger done
Event: 3559.209 Loading class jdk/internal/module/IllegalAccessLogger
Event: 3559.209 Loading class jdk/internal/module/IllegalAccessLogger done
Event: 3560.996 Loading class jdk/internal/module/IllegalAccessLogger
Event: 3560.996 Loading class jdk/internal/module/IllegalAccessLogger done
Event: 3563.026 Loading class jdk/internal/module/IllegalAccessLogger
Event: 3563.026 Loading class jdk/internal/module/IllegalAccessLogger done
Event: 3568.327 Loading class jdk/internal/module/IllegalAccessLogger
Event: 3568.327 Loading class jdk/internal/module/IllegalAccessLogger done

Classes unloaded (20 events):
Event: 3217.780 Thread 0x000001dc2484e7f0 Unloading class 0x000001dc3da6d800 'java/lang/invoke/LambdaForm$MH+0x000001dc3da6d800'
Event: 3217.780 Thread 0x000001dc2484e7f0 Unloading class 0x000001dc3da6d400 'java/lang/invoke/LambdaForm$MH+0x000001dc3da6d400'
Event: 3217.780 Thread 0x000001dc2484e7f0 Unloading class 0x000001dc3da6c800 'java/lang/invoke/LambdaForm$MH+0x000001dc3da6c800'
Event: 3217.780 Thread 0x000001dc2484e7f0 Unloading class 0x000001dc3da6c000 'java/lang/invoke/LambdaForm$MH+0x000001dc3da6c000'
Event: 3217.780 Thread 0x000001dc2484e7f0 Unloading class 0x000001dc3d928400 'java/lang/invoke/LambdaForm$MH+0x000001dc3d928400'
Event: 3217.780 Thread 0x000001dc2484e7f0 Unloading class 0x000001dc3d3a0000 'java/lang/invoke/LambdaForm$MH+0x000001dc3d3a0000'
Event: 3217.780 Thread 0x000001dc2484e7f0 Unloading class 0x000001dc3d21a800 'java/lang/invoke/LambdaForm$MH+0x000001dc3d21a800'
Event: 3217.780 Thread 0x000001dc2484e7f0 Unloading class 0x000001dc3d018800 'java/lang/invoke/LambdaForm$MH+0x000001dc3d018800'
Event: 3415.939 Thread 0x000001dc2484e7f0 Unloading class 0x000001dc3d740000 'java/lang/invoke/LambdaForm$MH+0x000001dc3d740000'
Event: 3415.939 Thread 0x000001dc2484e7f0 Unloading class 0x000001dc3d68e000 'java/lang/invoke/LambdaForm$MH+0x000001dc3d68e000'
Event: 3415.939 Thread 0x000001dc2484e7f0 Unloading class 0x000001dc3d634400 'java/lang/invoke/LambdaForm$MH+0x000001dc3d634400'
Event: 3415.939 Thread 0x000001dc2484e7f0 Unloading class 0x000001dc3d5b0400 'java/lang/invoke/LambdaForm$MH+0x000001dc3d5b0400'
Event: 3415.939 Thread 0x000001dc2484e7f0 Unloading class 0x000001dc3d1aa800 'java/lang/invoke/LambdaForm$MH+0x000001dc3d1aa800'
Event: 3415.939 Thread 0x000001dc2484e7f0 Unloading class 0x000001dc3d1aa400 'java/lang/invoke/LambdaForm$MH+0x000001dc3d1aa400'
Event: 3415.939 Thread 0x000001dc2484e7f0 Unloading class 0x000001dc3d1a7400 'java/lang/invoke/LambdaForm$MH+0x000001dc3d1a7400'
Event: 3415.939 Thread 0x000001dc2484e7f0 Unloading class 0x000001dc3d019400 'java/lang/invoke/LambdaForm$MH+0x000001dc3d019400'
Event: 3415.939 Thread 0x000001dc2484e7f0 Unloading class 0x000001dc3d018400 'java/lang/invoke/LambdaForm$MH+0x000001dc3d018400'
Event: 3415.939 Thread 0x000001dc2484e7f0 Unloading class 0x000001dc3d018000 'java/lang/invoke/LambdaForm$MH+0x000001dc3d018000'
Event: 3415.939 Thread 0x000001dc2484e7f0 Unloading class 0x000001dc3d017400 'java/lang/invoke/LambdaForm$MH+0x000001dc3d017400'
Event: 3415.939 Thread 0x000001dc2484e7f0 Unloading class 0x000001dc3d016400 'java/lang/invoke/LambdaForm$MH+0x000001dc3d016400'

Classes redefined (0 events):
No events

Internal exceptions (20 events):
Event: 3561.394 Thread 0x000001dc0745a5e0 Exception <a 'java/lang/ArrayIndexOutOfBoundsException'{0x00000000d5728088}> (0x00000000d5728088) 
thrown [s\src\hotspot\share\runtime\sharedRuntime.cpp, line 625]
Event: 3562.863 Thread 0x000001dc7e495f10 Exception <a 'sun/nio/fs/WindowsException'{0x00000000d5748cc0}> (0x00000000d5748cc0) 
thrown [s\src\hotspot\share\prims\jni.cpp, line 520]
Event: 3562.946 Thread 0x000001dc1002cfd0 Implicit null exception at 0x000001dc300ebe5b to 0x000001dc300f2e10
Event: 3563.108 Thread 0x000001dc0745a5e0 Exception <a 'java/lang/ArrayIndexOutOfBoundsException'{0x00000000d5c93ff0}> (0x00000000d5c93ff0) 
thrown [s\src\hotspot\share\runtime\sharedRuntime.cpp, line 625]
Event: 3563.108 Thread 0x000001dc0745a5e0 Exception <a 'java/lang/ArrayIndexOutOfBoundsException'{0x00000000d5c94640}> (0x00000000d5c94640) 
thrown [s\src\hotspot\share\runtime\sharedRuntime.cpp, line 625]
Event: 3563.108 Thread 0x000001dc0745a5e0 Exception <a 'java/lang/ArrayIndexOutOfBoundsException'{0x00000000d5c949e0}> (0x00000000d5c949e0) 
thrown [s\src\hotspot\share\runtime\sharedRuntime.cpp, line 625]
Event: 3563.213 Thread 0x000001dc1002cfd0 Implicit null exception at 0x000001dc2fb96b60 to 0x000001dc2fb976b8
Event: 3563.213 Thread 0x000001dc1002cfd0 Implicit null exception at 0x000001dc300377aa to 0x000001dc30037c34
Event: 3563.352 Thread 0x000001dc0745a5e0 Implicit null exception at 0x000001dc30910b19 to 0x000001dc3091976c
Event: 3563.378 Thread 0x000001dc7e49cea0 Implicit null exception at 0x000001dc2fe63c40 to 0x000001dc2fe63cb5
Event: 3563.484 Thread 0x000001dc7e495f10 Exception <a 'sun/nio/fs/WindowsException'{0x00000000d5a4cad8}> (0x00000000d5a4cad8) 
thrown [s\src\hotspot\share\prims\jni.cpp, line 520]
Event: 3564.768 Thread 0x000001dc7e49baf0 Exception <a 'java/lang/ArrayIndexOutOfBoundsException'{0x00000000d601cad0}> (0x00000000d601cad0) 
thrown [s\src\hotspot\share\runtime\sharedRuntime.cpp, line 625]
Event: 3564.768 Thread 0x000001dc7e49baf0 Exception <a 'java/lang/ArrayIndexOutOfBoundsException'{0x00000000d601d360}> (0x00000000d601d360) 
thrown [s\src\hotspot\share\runtime\sharedRuntime.cpp, line 625]
Event: 3564.768 Thread 0x000001dc7e49baf0 Exception <a 'java/lang/ArrayIndexOutOfBoundsException'{0x00000000d601d700}> (0x00000000d601d700) 
thrown [s\src\hotspot\share\runtime\sharedRuntime.cpp, line 625]
Event: 3567.834 Thread 0x000001dc0745a5e0 Implicit null exception at 0x000001dc2fcac278 to 0x000001dc2fcb3eac
Event: 3568.172 Thread 0x000001dc7e495f10 Exception <a 'sun/nio/fs/WindowsException'{0x00000000d5a4ac98}> (0x00000000d5a4ac98) 
thrown [s\src\hotspot\share\prims\jni.cpp, line 520]
Event: 3568.573 Thread 0x000001dc7e495f10 Exception <a 'sun/nio/fs/WindowsException'{0x00000000d55be620}> (0x00000000d55be620) 
thrown [s\src\hotspot\share\prims\jni.cpp, line 520]
Event: 3569.117 Thread 0x000001dc7e49baf0 Exception <a 'java/lang/ArrayIndexOutOfBoundsException'{0x00000000d570e350}> (0x00000000d570e350) 
thrown [s\src\hotspot\share\runtime\sharedRuntime.cpp, line 625]
Event: 3569.117 Thread 0x000001dc7e49baf0 Exception <a 'java/lang/ArrayIndexOutOfBoundsException'{0x00000000d570e9a0}> (0x00000000d570e9a0) 
thrown [s\src\hotspot\share\runtime\sharedRuntime.cpp, line 625]
Event: 3569.117 Thread 0x000001dc7e49baf0 Exception <a 'java/lang/ArrayIndexOutOfBoundsException'{0x00000000d570ed40}> (0x00000000d570ed40) 
thrown [s\src\hotspot\share\runtime\sharedRuntime.cpp, line 625]

ZGC Phase Switch (0 events):
No events

VM Operations (20 events):
Event: 3568.435 Executing VM operation: ParallelGCFailedAllocation (Allocation Failure)
Event: 3568.446 Executing VM operation: ParallelGCFailedAllocation (Allocation Failure) done
Event: 3568.515 Executing VM operation: ParallelGCFailedAllocation (Allocation Failure)
Event: 3568.531 Executing VM operation: ParallelGCFailedAllocation (Allocation Failure) done
Event: 3568.683 Executing VM operation: ParallelGCFailedAllocation (Allocation Failure)
Event: 3568.693 Executing VM operation: ParallelGCFailedAllocation (Allocation Failure) done
Event: 3568.761 Executing VM operation: ParallelGCFailedAllocation (Allocation Failure)
Event: 3568.765 Executing VM operation: ParallelGCFailedAllocation (Allocation Failure) done
Event: 3569.125 Executing VM operation: ParallelGCFailedAllocation (Allocation Failure)
Event: 3569.130 Executing VM operation: ParallelGCFailedAllocation (Allocation Failure) done
Event: 3569.134 Executing VM operation: ParallelGCFailedAllocation (Allocation Failure)
Event: 3569.142 Executing VM operation: ParallelGCFailedAllocation (Allocation Failure) done
Event: 3569.157 Executing VM operation: ParallelGCFailedAllocation (Allocation Failure)
Event: 3569.163 Executing VM operation: ParallelGCFailedAllocation (Allocation Failure) done
Event: 3569.178 Executing VM operation: ParallelGCFailedAllocation (Allocation Failure)
Event: 3569.185 Executing VM operation: ParallelGCFailedAllocation (Allocation Failure) done
Event: 3569.222 Executing VM operation: ParallelGCFailedAllocation (Allocation Failure)
Event: 3569.228 Executing VM operation: ParallelGCFailedAllocation (Allocation Failure) done
Event: 3569.255 Executing VM operation: ParallelGCFailedAllocation (Allocation Failure)
Event: 3569.263 Executing VM operation: ParallelGCFailedAllocation (Allocation Failure) done

Memory protections (0 events):
No events

Nmethod flushes (20 events):
Event: 3506.298 Thread 0x000001dc2484e7f0 flushing  nmethod 0x000001dc2a3bcc90
Event: 3506.298 Thread 0x000001dc2484e7f0 flushing  nmethod 0x000001dc2a3fe410
Event: 3506.298 Thread 0x000001dc2484e7f0 flushing  nmethod 0x000001dc2a41f110
Event: 3506.298 Thread 0x000001dc2484e7f0 flushing  nmethod 0x000001dc2a449890
Event: 3506.298 Thread 0x000001dc2484e7f0 flushing  nmethod 0x000001dc2a45f190
Event: 3506.298 Thread 0x000001dc2484e7f0 flushing  nmethod 0x000001dc2a474390
Event: 3506.298 Thread 0x000001dc2484e7f0 flushing  nmethod 0x000001dc2a49ca10
Event: 3506.298 Thread 0x000001dc2484e7f0 flushing  nmethod 0x000001dc2a4a2b10
Event: 3506.298 Thread 0x000001dc2484e7f0 flushing  nmethod 0x000001dc2a4ba790
Event: 3506.298 Thread 0x000001dc2484e7f0 flushing  nmethod 0x000001dc2a4eff90
Event: 3506.298 Thread 0x000001dc2484e7f0 flushing  nmethod 0x000001dc2a501590
Event: 3506.298 Thread 0x000001dc2484e7f0 flushing  nmethod 0x000001dc2a563d90
Event: 3506.298 Thread 0x000001dc2484e7f0 flushing  nmethod 0x000001dc2a589190
Event: 3506.298 Thread 0x000001dc2484e7f0 flushing  nmethod 0x000001dc2a5bfb10
Event: 3506.298 Thread 0x000001dc2484e7f0 flushing  nmethod 0x000001dc2a5f8d10
Event: 3506.298 Thread 0x000001dc2484e7f0 flushing  nmethod 0x000001dc2a5fb890
Event: 3506.298 Thread 0x000001dc2484e7f0 flushing  nmethod 0x000001dc2a60e510
Event: 3506.298 Thread 0x000001dc2484e7f0 flushing  nmethod 0x000001dc2a642c10
Event: 3506.298 Thread 0x000001dc2484e7f0 flushing  nmethod 0x000001dc2a645990
Event: 3506.298 Thread 0x000001dc2484e7f0 flushing  nmethod 0x000001dc2a645f90

Events (20 events):
Event: 3413.010 Thread 0x000001dc248d24f0 Thread added: 0x000001dc7de85580
Event: 3414.047 Thread 0x000001dc7de85580 Thread exited: 0x000001dc7de85580
Event: 3431.137 Thread 0x000001dc7ed3f5a0 Thread exited: 0x000001dc7ed3f5a0
Event: 3442.820 Thread 0x000001dc248d24f0 Thread added: 0x000001dc7de85c50
Event: 3443.435 Thread 0x000001dc7e49baf0 Thread added: 0x000001dc07458510
Event: 3444.330 Thread 0x000001dc7de85c50 Thread exited: 0x000001dc7de85c50
Event: 3489.002 Thread 0x000001dc248550d0 Thread added: 0x000001dc7e985880
Event: 3489.541 Thread 0x000001dc7e985880 Thread exited: 0x000001dc7e985880
Event: 3491.138 Thread 0x000001dc7ed40950 Thread exited: 0x000001dc7ed40950
Event: 3503.800 Thread 0x000001dc7e497950 Thread exited: 0x000001dc7e497950
Event: 3528.693 Thread 0x000001dc248d24f0 Thread added: 0x000001dc7e985880
Event: 3529.812 Thread 0x000001dc7e985880 Thread exited: 0x000001dc7e985880
Event: 3530.262 Thread 0x000001dc248d24f0 Thread added: 0x000001dc7e985880
Event: 3530.975 Thread 0x000001dc7e985880 Thread exited: 0x000001dc7e985880
Event: 3546.875 Thread 0x000001dc7e4972c0 Thread added: 0x000001dc0745da60
Event: 3551.143 Thread 0x000001dc7ed3db60 Thread exited: 0x000001dc7ed3db60
Event: 3563.385 Thread 0x000001dc248d24f0 Thread added: 0x000001dc06370620
Event: 3566.318 Thread 0x000001dc06370620 Thread exited: 0x000001dc06370620
Event: 3567.950 Thread 0x000001dc248d24f0 Thread added: 0x000001dc06372160
Event: 3568.113 Thread 0x000001dc06372160 Thread exited: 0x000001dc06372160


Dynamic libraries:
0x00007ff6a0110000 - 0x00007ff6a011e000 	c:\Users\Lenovo\.vscode\extensions\redhat.java-1.47.0-win32-x64\jre\21.0.8-win32-x86_64\bin\java.exe
0x00007ffa0bfc0000 - 0x00007ffa0c228000 	C:\WINDOWS\SYSTEM32\ntdll.dll
0x00007ffa0a430000 - 0x00007ffa0a4f9000 	C:\WINDOWS\System32\KERNEL32.DLL
0x00007ffa09110000 - 0x00007ffa09508000 	C:\WINDOWS\System32\KERNELBASE.dll
0x00007ffa096f0000 - 0x00007ffa0983b000 	C:\WINDOWS\System32\ucrtbase.dll
0x00007ff9fe170000 - 0x00007ff9fe188000 	c:\Users\Lenovo\.vscode\extensions\redhat.java-1.47.0-win32-x64\jre\21.0.8-win32-x86_64\bin\jli.dll
0x00007ffa0bc70000 - 0x00007ffa0be37000 	C:\WINDOWS\System32\USER32.dll
0x00007ffa098f0000 - 0x00007ffa09917000 	C:\WINDOWS\System32\win32u.dll
0x00007ffa0b250000 - 0x00007ffa0b27b000 	C:\WINDOWS\System32\GDI32.dll
0x00007ffa09510000 - 0x00007ffa0963c000 	C:\WINDOWS\System32\gdi32full.dll
0x00007ffa09840000 - 0x00007ffa098e3000 	C:\WINDOWS\System32\msvcp_win.dll
0x00007ff9fdb00000 - 0x00007ff9fdb1e000 	c:\Users\Lenovo\.vscode\extensions\redhat.java-1.47.0-win32-x64\jre\21.0.8-win32-x86_64\bin\VCRUNTIME140.dll
0x00007ff9f6790000 - 0x00007ff9f6a24000 	C:\WINDOWS\WinSxS\amd64_microsoft.windows.common-controls_6595b64144ccf1df_6.0.26100.7019_none_3e06ffa0e335b8a8\COMCTL32.dll
0x00007ffa0b280000 - 0x00007ffa0b329000 	C:\WINDOWS\System32\msvcrt.dll
0x00007ffa09ed0000 - 0x00007ffa09f01000 	C:\WINDOWS\System32\IMM32.DLL
0x00007ffa03fc0000 - 0x00007ffa03fcc000 	c:\Users\Lenovo\.vscode\extensions\redhat.java-1.47.0-win32-x64\jre\21.0.8-win32-x86_64\bin\vcruntime140_1.dll
0x00007ff9e4c70000 - 0x00007ff9e4cfd000 	c:\Users\Lenovo\.vscode\extensions\redhat.java-1.47.0-win32-x64\jre\21.0.8-win32-x86_64\bin\msvcp140.dll
0x00007ff9ad3a0000 - 0x00007ff9ae137000 	c:\Users\Lenovo\.vscode\extensions\redhat.java-1.47.0-win32-x64\jre\21.0.8-win32-x86_64\bin\server\jvm.dll
0x00007ffa0be40000 - 0x00007ffa0bef4000 	C:\WINDOWS\System32\ADVAPI32.dll
0x00007ffa0a500000 - 0x00007ffa0a5a6000 	C:\WINDOWS\System32\sechost.dll
0x00007ffa0a2b0000 - 0x00007ffa0a3c8000 	C:\WINDOWS\System32\RPCRT4.dll
0x00007ffa0b3b0000 - 0x00007ffa0b424000 	C:\WINDOWS\System32\WS2_32.dll
0x00007ffa08f70000 - 0x00007ffa08fce000 	C:\WINDOWS\SYSTEM32\POWRPROF.dll
0x00007ff9f4440000 - 0x00007ff9f4475000 	C:\WINDOWS\SYSTEM32\WINMM.dll
0x00007ff9f7370000 - 0x00007ff9f737b000 	C:\WINDOWS\SYSTEM32\VERSION.dll
0x00007ffa08f50000 - 0x00007ffa08f64000 	C:\WINDOWS\SYSTEM32\UMPDC.dll
0x00007ffa07e90000 - 0x00007ffa07eab000 	C:\WINDOWS\SYSTEM32\kernel.appcore.dll
0x00007ff9fe160000 - 0x00007ff9fe16a000 	c:\Users\Lenovo\.vscode\extensions\redhat.java-1.47.0-win32-x64\jre\21.0.8-win32-x86_64\bin\jimage.dll
0x00007ff9f2ba0000 - 0x00007ff9f2de2000 	C:\WINDOWS\SYSTEM32\DBGHELP.DLL
0x00007ffa09f20000 - 0x00007ffa0a2ab000 	C:\WINDOWS\System32\combase.dll
0x00007ffa0b170000 - 0x00007ffa0b247000 	C:\WINDOWS\System32\OLEAUT32.dll
0x00007ff9f1760000 - 0x00007ff9f179c000 	C:\WINDOWS\SYSTEM32\dbgcore.DLL
0x00007ffa09640000 - 0x00007ffa096e5000 	C:\WINDOWS\System32\bcryptPrimitives.dll
0x00007ff9f5aa0000 - 0x00007ff9f5aaf000 	c:\Users\Lenovo\.vscode\extensions\redhat.java-1.47.0-win32-x64\jre\21.0.8-win32-x86_64\bin\instrument.dll
0x00007ff9faa20000 - 0x00007ff9faa3f000 	c:\Users\Lenovo\.vscode\extensions\redhat.java-1.47.0-win32-x64\jre\21.0.8-win32-x86_64\bin\java.dll
0x00007ffa0a770000 - 0x00007ffa0aec1000 	C:\WINDOWS\System32\SHELL32.dll
0x00007ffa09b30000 - 0x00007ffa09c9b000 	C:\WINDOWS\System32\wintypes.dll
0x00007ffa06d10000 - 0x00007ffa0756d000 	C:\WINDOWS\SYSTEM32\windows.storage.dll
0x00007ffa0a670000 - 0x00007ffa0a762000 	C:\WINDOWS\System32\SHCORE.dll
0x00007ffa0b4b0000 - 0x00007ffa0b517000 	C:\WINDOWS\System32\shlwapi.dll
0x00007ffa09030000 - 0x00007ffa09059000 	C:\WINDOWS\SYSTEM32\profapi.dll
0x00007ff9f6f30000 - 0x00007ff9f6f48000 	c:\Users\Lenovo\.vscode\extensions\redhat.java-1.47.0-win32-x64\jre\21.0.8-win32-x86_64\bin\zip.dll
0x00007ff9fdec0000 - 0x00007ff9fded0000 	C:\Users\Lenovo\.vscode\extensions\redhat.java-1.47.0-win32-x64\jre\21.0.8-win32-x86_64\bin\net.dll
0x00007ff9fcb70000 - 0x00007ff9fcc98000 	C:\WINDOWS\SYSTEM32\WINHTTP.dll
0x00007ffa083e0000 - 0x00007ffa0844b000 	C:\WINDOWS\system32\mswsock.dll
0x00007ff9f63e0000 - 0x00007ff9f63f6000 	C:\Users\Lenovo\.vscode\extensions\redhat.java-1.47.0-win32-x64\jre\21.0.8-win32-x86_64\bin\nio.dll
0x00007ff9f5a90000 - 0x00007ff9f5aa0000 	c:\Users\Lenovo\.vscode\extensions\redhat.java-1.47.0-win32-x64\jre\21.0.8-win32-x86_64\bin\verify.dll
0x00007ff9e4b00000 - 0x00007ff9e4b44000 	C:\Users\Lenovo\AppData\Roaming\Code\User\globalStorage\redhat.java\1.47.0\config_win\org.eclipse.equinox.launcher\org.eclipse.equinox.launcher.win32.win32.x86_64_1.2.1400.v20250801-0854\eclipse_11916.dll
0x00007ffa0aed0000 - 0x00007ffa0b067000 	C:\WINDOWS\System32\ole32.dll
0x00007ffa087d0000 - 0x00007ffa087eb000 	C:\WINDOWS\SYSTEM32\CRYPTSP.dll
0x00007ffa07df0000 - 0x00007ffa07e2a000 	C:\WINDOWS\system32\rsaenh.dll
0x00007ffa08490000 - 0x00007ffa084bb000 	C:\WINDOWS\SYSTEM32\USERENV.dll
0x00007ffa09000000 - 0x00007ffa0902a000 	C:\WINDOWS\SYSTEM32\bcrypt.dll
0x00007ffa08630000 - 0x00007ffa0863c000 	C:\WINDOWS\SYSTEM32\CRYPTBASE.dll
0x00007ffa07880000 - 0x00007ffa078b4000 	C:\WINDOWS\SYSTEM32\IPHLPAPI.DLL
0x00007ffa0b710000 - 0x00007ffa0b71a000 	C:\WINDOWS\System32\NSI.dll
0x00007ff9e4230000 - 0x00007ff9e4279000 	C:\Users\Lenovo\AppData\Local\Temp\jna--2022488749\jna11544673436122908236.dll
0x00007ffa09f10000 - 0x00007ffa09f18000 	C:\WINDOWS\System32\PSAPI.DLL
0x00007ff9fceb0000 - 0x00007ff9fcece000 	C:\WINDOWS\SYSTEM32\dhcpcsvc6.DLL
0x00007ff9fcf00000 - 0x00007ff9fcf23000 	C:\WINDOWS\SYSTEM32\dhcpcsvc.DLL
0x00007ff9af4f0000 - 0x00007ff9af517000 	C:\Users\Lenovo\.gradle\native\c067742578af261105cb4f569cf0c3c89f3d7b1fecec35dd04571415982c5e48\windows-amd64\native-platform.dll
0x00007ff9fde90000 - 0x00007ff9fde9a000 	C:\Users\Lenovo\.vscode\extensions\redhat.java-1.47.0-win32-x64\jre\21.0.8-win32-x86_64\bin\management.dll
0x00007ff9fdaf0000 - 0x00007ff9fdafb000 	C:\Users\Lenovo\.vscode\extensions\redhat.java-1.47.0-win32-x64\jre\21.0.8-win32-x86_64\bin\management_ext.dll
0x00007ff9fad80000 - 0x00007ff9fad89000 	C:\Users\Lenovo\.vscode\extensions\redhat.java-1.47.0-win32-x64\jre\21.0.8-win32-x86_64\bin\extnet.dll
0x00007ff9fce70000 - 0x00007ff9fce7e000 	C:\Users\Lenovo\.vscode\extensions\redhat.java-1.47.0-win32-x64\jre\21.0.8-win32-x86_64\bin\sunmscapi.dll
0x00007ffa09920000 - 0x00007ffa09a97000 	C:\WINDOWS\System32\CRYPT32.dll
0x00007ffa08920000 - 0x00007ffa08950000 	C:\WINDOWS\SYSTEM32\ncrypt.dll
0x00007ffa088d0000 - 0x00007ffa0890f000 	C:\WINDOWS\SYSTEM32\NTASN1.dll
0x00007ff9fdae0000 - 0x00007ff9fdae8000 	C:\WINDOWS\system32\wshunix.dll
0x00007ffa07910000 - 0x00007ffa07a3c000 	C:\WINDOWS\SYSTEM32\DNSAPI.dll
0x00007ff9fcea0000 - 0x00007ff9fceab000 	C:\Windows\System32\rasadhlp.dll
0x00007ff9fb9a0000 - 0x00007ff9fba26000 	C:\WINDOWS\System32\fwpuclnt.dll

JVMTI agents:
c:\Users\Lenovo\.vscode\extensions\redhat.java-1.47.0-win32-x64\lombok\lombok-1.18.39-4050.jar path:c:\Users\Lenovo\.vscode\extensions\redhat.java-1.47.0-win32-x64\jre\21.0.8-win32-x86_64\bin\instrument.dll, loaded, initialized, instrumentlib options:none

dbghelp: loaded successfully - version: 4.0.5 - missing functions: none
symbol engine: initialized successfully - sym options: 0x614 - pdb path: .;c:\Users\Lenovo\.vscode\extensions\redhat.java-1.47.0-win32-x64\jre\21.0.8-win32-x86_64\bin;C:\WINDOWS\SYSTEM32;C:\WINDOWS\WinSxS\amd64_microsoft.windows.common-controls_6595b64144ccf1df_6.0.26100.7019_none_3e06ffa0e335b8a8;c:\Users\Lenovo\.vscode\extensions\redhat.java-1.47.0-win32-x64\jre\21.0.8-win32-x86_64\bin\server;C:\Users\Lenovo\AppData\Roaming\Code\User\globalStorage\redhat.java\1.47.0\config_win\org.eclipse.equinox.launcher\org.eclipse.equinox.launcher.win32.win32.x86_64_1.2.1400.v20250801-0854;C:\Users\Lenovo\AppData\Local\Temp\jna--2022488749;C:\Users\Lenovo\.gradle\native\c067742578af261105cb4f569cf0c3c89f3d7b1fecec35dd04571415982c5e48\windows-amd64

VM Arguments:
jvm_args: --add-modules=ALL-SYSTEM --add-opens=java.base/java.util=ALL-UNNAMED --add-opens=java.base/java.lang=ALL-UNNAMED --add-opens=java.base/sun.nio.fs=ALL-UNNAMED -Declipse.application=org.eclipse.jdt.ls.core.id1 -Dosgi.bundles.defaultStartLevel=4 -Declipse.product=org.eclipse.jdt.ls.core.product -Djava.import.generatesMetadataFilesAtProjectRoot=false -DDetectVMInstallationsJob.disabled=true -Dfile.encoding=utf8 -XX:+UseParallelGC -XX:GCTimeRatio=4 -XX:AdaptiveSizePolicyWeight=90 -Dsun.zip.disableMemoryMapping=true -Xmx2G -Xms100m -Xlog:disable -javaagent:c:\Users\Lenovo\.vscode\extensions\redhat.java-1.47.0-win32-x64\lombok\lombok-1.18.39-4050.jar -XX:+HeapDumpOnOutOfMemoryError -XX:HeapDumpPath=c:\Users\Lenovo\AppData\Roaming\Code\User\workspaceStorage\18ebc3d03530110f80048942fc969198\redhat.java -Daether.dependencyCollector.impl=bf 
java_command: c:\Users\Lenovo\.vscode\extensions\redhat.java-1.47.0-win32-x64\server\plugins\org.eclipse.equinox.launcher_1.7.100.v20251014-1222.jar -configuration c:\Users\Lenovo\AppData\Roaming\Code\User\globalStorage\redhat.java\1.47.0\config_win -data c:\Users\Lenovo\AppData\Roaming\Code\User\workspaceStorage\18ebc3d03530110f80048942fc969198\redhat.java\jdt_ws --pipe=\\.\pipe\lsp-de8e89180d7bba4ddf573c8f2968fd57-sock
java_class_path (initial): c:\Users\Lenovo\.vscode\extensions\redhat.java-1.47.0-win32-x64\server\plugins\org.eclipse.equinox.launcher_1.7.100.v20251014-1222.jar
Launcher Type: SUN_STANDARD

[Global flags]
    uintx AdaptiveSizePolicyWeight                 = 90                                        {product} {command line}
     intx CICompilerCount                          = 3                                         {product} {ergonomic}
    uintx GCTimeRatio                              = 4                                         {product} {command line}
     bool HeapDumpOnOutOfMemoryError               = true                                   {manageable} {command line}
    ccstr HeapDumpPath                             = c:\Users\Lenovo\AppData\Roaming\Code\User\workspaceStorage\18ebc3d03530110f80048942fc969198\redhat.java         {manageable} {command line}
   size_t InitialHeapSize                          = 104857600                                 {product} {command line}
   size_t MaxHeapSize                              = 2147483648                                {product} {command line}
   size_t MaxNewSize                               = 715653120                                 {product} {ergonomic}
   size_t MinHeapDeltaBytes                        = 524288                                    {product} {ergonomic}
   size_t MinHeapSize                              = 104857600                                 {product} {command line}
   size_t NewSize                                  = 34603008                                  {product} {ergonomic}
    uintx NonNMethodCodeHeapSize                   = 5832780                                {pd product} {ergonomic}
    uintx NonProfiledCodeHeapSize                  = 122912730                              {pd product} {ergonomic}
   size_t OldSize                                  = 70254592                                  {product} {ergonomic}
    uintx ProfiledCodeHeapSize                     = 122912730                              {pd product} {ergonomic}
    uintx ReservedCodeCacheSize                    = 251658240                              {pd product} {ergonomic}
     bool SegmentedCodeCache                       = true                                      {product} {ergonomic}
   size_t SoftMaxHeapSize                          = 2147483648                             {manageable} {ergonomic}
     bool UseCompressedOops                        = true                           {product lp64_product} {ergonomic}
     bool UseLargePagesIndividualAllocation        = false                                  {pd product} {ergonomic}
     bool UseParallelGC                            = true                                      {product} {command line}

Logging:
Log output configuration:
 #0: stdout all=off uptime,level,tags foldmultilines=false
 #1: stderr all=off uptime,level,tags foldmultilines=false

Environment Variables:
JAVA_HOME=C:\Program Files\Java\jdk-17
PATH=C:\Program Files\Common Files\Oracle\Java\javapath;C:\WINDOWS\system32;C:\WINDOWS;C:\WINDOWS\System32\Wbem;C:\WINDOWS\System32\WindowsPowerShell\v1.0\;C:\WINDOWS\System32\OpenSSH\;C:\Program Files\Git\cmd;C:\Program Files\dotnet\;C:\Users\Lenovo\Downloads\flutter_windows_3.29.3-stable\flutter\bin;C:\Program Files (x86)\Windows Kits\10\Windows Performance Toolkit\;C:\Program Files (x86)\GnuWin32\bin;C:\MinGW\bin;C:\Program Files (x86)\RoKiSim\bin;C:\Users\Lenovo\Downloads\instantclient;C:\Users\Lenovo\AppData\Local\nvm;C:\nvm4w\nodejs;C:\Program Files\PostgreSQL\17\bin;C:\msys64\usr\bin;C:\Program Files\Java\jdk-17\bin;C:\Program Files\apache-maven-3.9.11\bin;C:\Program Files\MariaDB 12.0\bin;;C:\Program Files\Docker\Docker\resources\bin;C:\Users\Lenovo\AppData\Local\Programs\Python\Python313\Scripts\;C:\Users\Lenovo\AppData\Local\Programs\Python\Python313\;C:\Users\Lenovo\AppData\Local\Programs\Python\Launcher\;C:\Users\Lenovo\AppData\Local\Microsoft\WindowsApps;C:\Users\Lenovo\AppData\Local\Programs\Microsoft VS Code\bin;C:\Users\Lenovo\AppData\Roaming\npm;C:\Users\Lenovo\AppData\Local\nvm;C:\nvm4w\nodejs
USERNAME=Lenovo
OS=Windows_NT
PROCESSOR_IDENTIFIER=Intel64 Family 6 Model 78 Stepping 3, GenuineIntel
TMP=C:\Users\Lenovo\AppData\Local\Temp
TEMP=C:\Users\Lenovo\AppData\Local\Temp




Periodic native trim disabled

---------------  S Y S T E M  ---------------

OS:
 Windows 11 , 64 bit Build 26100 (10.0.26100.7019)
OS uptime: 0 days 1:52 hours
Hyper-V role detected

CPU: total 4 (initial active 4) (2 cores per cpu, 2 threads per core) family 6 model 78 stepping 3 microcode 0xd6, cx8, cmov, fxsr, ht, mmx, 3dnowpref, sse, sse2, sse3, ssse3, sse4.1, sse4.2, popcnt, lzcnt, tsc, tscinvbit, avx, avx2, aes, erms, clmul, bmi1, bmi2, rtm, adx, fma, vzeroupper, clflush, clflushopt, hv, rdtscp, f16c
Processor Information for the first 4 processors :
  Max Mhz: 2496, Current Mhz: 2396, Mhz Limit: 2396

Memory: 4k page, system-wide physical 8059M (1249M free)
TotalPageFile size 16099M (AvailPageFile size 2M)
current process WorkingSet (physical memory assigned to process): 1567M, peak: 1729M
current process commit charge ("private bytes"): 1663M, peak: 1797M

vm_info: OpenJDK 64-Bit Server VM (21.0.8+9-LTS) for windows-amd64 JRE (21.0.8+9-LTS), built on 2025-07-15T00:00:00Z by "admin" with MS VC++ 17.7 (VS2022)

END.
